<?xml version="1.0" encoding="UTF-8"?>
<testsuite xmlns:xsi="http://www.w3.org/2001/XMLSchema-instance" xsi:noNamespaceSchemaLocation="https://maven.apache.org/surefire/maven-surefire-plugin/xsd/surefire-test-report.xsd" name="com.atjh.linux.LinuxApplicationTests" time="7.619" tests="1" errors="0" skipped="0" failures="0">
  <properties>
    <property name="sun.desktop" value="windows"/>
    <property name="awt.toolkit" value="sun.awt.windows.WToolkit"/>
    <property name="file.encoding.pkg" value="sun.io"/>
    <property name="java.specification.version" value="1.8"/>
    <property name="sun.cpu.isalist" value="amd64"/>
    <property name="sun.jnu.encoding" value="GBK"/>
    <property name="java.class.path" value="D:\aprograme\linuxKs\linuxKs\target\test-classes;D:\aprograme\linuxKs\linuxKs\target\classes;D:\DevFiles\LocalRespository\com\google\guava\guava\20.0\guava-20.0.jar;D:\DevFiles\LocalRespository\org\springframework\boot\spring-boot-starter\2.5.6\spring-boot-starter-2.5.6.jar;D:\DevFiles\LocalRespository\org\springframework\boot\spring-boot\2.5.6\spring-boot-2.5.6.jar;D:\DevFiles\LocalRespository\org\springframework\spring-context\5.3.12\spring-context-5.3.12.jar;D:\DevFiles\LocalRespository\org\springframework\boot\spring-boot-autoconfigure\2.5.6\spring-boot-autoconfigure-2.5.6.jar;D:\DevFiles\LocalRespository\org\springframework\boot\spring-boot-starter-logging\2.5.6\spring-boot-starter-logging-2.5.6.jar;D:\DevFiles\LocalRespository\ch\qos\logback\logback-classic\1.2.6\logback-classic-1.2.6.jar;D:\DevFiles\LocalRespository\ch\qos\logback\logback-core\1.2.6\logback-core-1.2.6.jar;D:\DevFiles\LocalRespository\org\apache\logging\log4j\log4j-to-slf4j\2.14.1\log4j-to-slf4j-2.14.1.jar;D:\DevFiles\LocalRespository\org\apache\logging\log4j\log4j-api\2.14.1\log4j-api-2.14.1.jar;D:\DevFiles\LocalRespository\org\slf4j\jul-to-slf4j\1.7.32\jul-to-slf4j-1.7.32.jar;D:\DevFiles\LocalRespository\jakarta\annotation\jakarta.annotation-api\1.3.5\jakarta.annotation-api-1.3.5.jar;D:\DevFiles\LocalRespository\org\springframework\spring-core\5.3.12\spring-core-5.3.12.jar;D:\DevFiles\LocalRespository\org\springframework\spring-jcl\5.3.12\spring-jcl-5.3.12.jar;D:\DevFiles\LocalRespository\org\yaml\snakeyaml\1.28\snakeyaml-1.28.jar;D:\DevFiles\LocalRespository\org\springframework\boot\spring-boot-starter-test\2.5.6\spring-boot-starter-test-2.5.6.jar;D:\DevFiles\LocalRespository\org\springframework\boot\spring-boot-test\2.5.6\spring-boot-test-2.5.6.jar;D:\DevFiles\LocalRespository\org\springframework\boot\spring-boot-test-autoconfigure\2.5.6\spring-boot-test-autoconfigure-2.5.6.jar;D:\DevFiles\LocalRespository\com\jayway\jsonpath\json-path\2.5.0\json-path-2.5.0.jar;D:\DevFiles\LocalRespository\net\minidev\json-smart\2.4.7\json-smart-2.4.7.jar;D:\DevFiles\LocalRespository\net\minidev\accessors-smart\2.4.7\accessors-smart-2.4.7.jar;D:\DevFiles\LocalRespository\org\ow2\asm\asm\9.1\asm-9.1.jar;D:\DevFiles\LocalRespository\jakarta\xml\bind\jakarta.xml.bind-api\2.3.3\jakarta.xml.bind-api-2.3.3.jar;D:\DevFiles\LocalRespository\jakarta\activation\jakarta.activation-api\1.2.2\jakarta.activation-api-1.2.2.jar;D:\DevFiles\LocalRespository\org\assertj\assertj-core\3.19.0\assertj-core-3.19.0.jar;D:\DevFiles\LocalRespository\org\hamcrest\hamcrest\2.2\hamcrest-2.2.jar;D:\DevFiles\LocalRespository\org\junit\jupiter\junit-jupiter\5.7.2\junit-jupiter-5.7.2.jar;D:\DevFiles\LocalRespository\org\junit\jupiter\junit-jupiter-api\5.7.2\junit-jupiter-api-5.7.2.jar;D:\DevFiles\LocalRespository\org\apiguardian\apiguardian-api\1.1.0\apiguardian-api-1.1.0.jar;D:\DevFiles\LocalRespository\org\opentest4j\opentest4j\1.2.0\opentest4j-1.2.0.jar;D:\DevFiles\LocalRespository\org\junit\platform\junit-platform-commons\1.7.2\junit-platform-commons-1.7.2.jar;D:\DevFiles\LocalRespository\org\junit\jupiter\junit-jupiter-params\5.7.2\junit-jupiter-params-5.7.2.jar;D:\DevFiles\LocalRespository\org\junit\jupiter\junit-jupiter-engine\5.7.2\junit-jupiter-engine-5.7.2.jar;D:\DevFiles\LocalRespository\org\junit\platform\junit-platform-engine\1.7.2\junit-platform-engine-1.7.2.jar;D:\DevFiles\LocalRespository\org\mockito\mockito-core\3.9.0\mockito-core-3.9.0.jar;D:\DevFiles\LocalRespository\net\bytebuddy\byte-buddy\1.10.22\byte-buddy-1.10.22.jar;D:\DevFiles\LocalRespository\net\bytebuddy\byte-buddy-agent\1.10.22\byte-buddy-agent-1.10.22.jar;D:\DevFiles\LocalRespository\org\objenesis\objenesis\3.2\objenesis-3.2.jar;D:\DevFiles\LocalRespository\org\mockito\mockito-junit-jupiter\3.9.0\mockito-junit-jupiter-3.9.0.jar;D:\DevFiles\LocalRespository\org\skyscreamer\jsonassert\1.5.0\jsonassert-1.5.0.jar;D:\DevFiles\LocalRespository\com\vaadin\external\google\android-json\0.0.20131108.vaadin1\android-json-0.0.20131108.vaadin1.jar;D:\DevFiles\LocalRespository\org\springframework\spring-test\5.3.12\spring-test-5.3.12.jar;D:\DevFiles\LocalRespository\org\xmlunit\xmlunit-core\2.8.3\xmlunit-core-2.8.3.jar;D:\DevFiles\LocalRespository\org\springframework\boot\spring-boot-starter-web\2.5.6\spring-boot-starter-web-2.5.6.jar;D:\DevFiles\LocalRespository\org\springframework\boot\spring-boot-starter-json\2.5.6\spring-boot-starter-json-2.5.6.jar;D:\DevFiles\LocalRespository\com\fasterxml\jackson\core\jackson-databind\2.12.5\jackson-databind-2.12.5.jar;D:\DevFiles\LocalRespository\com\fasterxml\jackson\core\jackson-core\2.12.5\jackson-core-2.12.5.jar;D:\DevFiles\LocalRespository\com\fasterxml\jackson\datatype\jackson-datatype-jdk8\2.12.5\jackson-datatype-jdk8-2.12.5.jar;D:\DevFiles\LocalRespository\com\fasterxml\jackson\datatype\jackson-datatype-jsr310\2.12.5\jackson-datatype-jsr310-2.12.5.jar;D:\DevFiles\LocalRespository\com\fasterxml\jackson\module\jackson-module-parameter-names\2.12.5\jackson-module-parameter-names-2.12.5.jar;D:\DevFiles\LocalRespository\org\springframework\boot\spring-boot-starter-tomcat\2.5.6\spring-boot-starter-tomcat-2.5.6.jar;D:\DevFiles\LocalRespository\org\apache\tomcat\embed\tomcat-embed-core\9.0.54\tomcat-embed-core-9.0.54.jar;D:\DevFiles\LocalRespository\org\apache\tomcat\embed\tomcat-embed-el\9.0.54\tomcat-embed-el-9.0.54.jar;D:\DevFiles\LocalRespository\org\apache\tomcat\embed\tomcat-embed-websocket\9.0.54\tomcat-embed-websocket-9.0.54.jar;D:\DevFiles\LocalRespository\org\springframework\spring-web\5.3.12\spring-web-5.3.12.jar;D:\DevFiles\LocalRespository\org\springframework\spring-beans\5.3.12\spring-beans-5.3.12.jar;D:\DevFiles\LocalRespository\org\springframework\spring-webmvc\5.3.12\spring-webmvc-5.3.12.jar;D:\DevFiles\LocalRespository\org\springframework\spring-aop\5.3.12\spring-aop-5.3.12.jar;D:\DevFiles\LocalRespository\org\springframework\spring-expression\5.3.12\spring-expression-5.3.12.jar;D:\DevFiles\LocalRespository\mysql\mysql-connector-java\8.0.27\mysql-connector-java-8.0.27.jar;D:\DevFiles\LocalRespository\com\baomidou\mybatis-plus-boot-starter\3.0.5\mybatis-plus-boot-starter-3.0.5.jar;D:\DevFiles\LocalRespository\com\baomidou\mybatis-plus\3.0.5\mybatis-plus-3.0.5.jar;D:\DevFiles\LocalRespository\org\springframework\boot\spring-boot-starter-jdbc\2.5.6\spring-boot-starter-jdbc-2.5.6.jar;D:\DevFiles\LocalRespository\com\zaxxer\HikariCP\4.0.3\HikariCP-4.0.3.jar;D:\DevFiles\LocalRespository\org\springframework\spring-jdbc\5.3.12\spring-jdbc-5.3.12.jar;D:\DevFiles\LocalRespository\org\springframework\spring-tx\5.3.12\spring-tx-5.3.12.jar;D:\DevFiles\LocalRespository\org\springframework\boot\spring-boot-configuration-processor\2.5.6\spring-boot-configuration-processor-2.5.6.jar;D:\DevFiles\LocalRespository\com\baomidou\mybatis-plus-generator\3.3.1.tmp\mybatis-plus-generator-3.3.1.tmp.jar;D:\DevFiles\LocalRespository\com\baomidou\mybatis-plus-extension\3.3.1.tmp\mybatis-plus-extension-3.3.1.tmp.jar;D:\DevFiles\LocalRespository\com\baomidou\mybatis-plus-core\3.3.1.tmp\mybatis-plus-core-3.3.1.tmp.jar;D:\DevFiles\LocalRespository\com\baomidou\mybatis-plus-annotation\3.3.1.tmp\mybatis-plus-annotation-3.3.1.tmp.jar;D:\DevFiles\LocalRespository\com\github\jsqlparser\jsqlparser\3.1\jsqlparser-3.1.jar;D:\DevFiles\LocalRespository\org\mybatis\mybatis\3.5.3\mybatis-3.5.3.jar;D:\DevFiles\LocalRespository\org\mybatis\mybatis-spring\2.0.3\mybatis-spring-2.0.3.jar;D:\DevFiles\LocalRespository\org\apache\velocity\velocity-engine-core\2.0\velocity-engine-core-2.0.jar;D:\DevFiles\LocalRespository\org\apache\commons\commons-lang3\3.12.0\commons-lang3-3.12.0.jar;D:\DevFiles\LocalRespository\org\slf4j\slf4j-api\1.7.32\slf4j-api-1.7.32.jar;D:\DevFiles\LocalRespository\io\springfox\springfox-swagger2\2.7.0\springfox-swagger2-2.7.0.jar;D:\DevFiles\LocalRespository\io\swagger\swagger-annotations\1.5.13\swagger-annotations-1.5.13.jar;D:\DevFiles\LocalRespository\io\swagger\swagger-models\1.5.13\swagger-models-1.5.13.jar;D:\DevFiles\LocalRespository\com\fasterxml\jackson\core\jackson-annotations\2.12.5\jackson-annotations-2.12.5.jar;D:\DevFiles\LocalRespository\io\springfox\springfox-spi\2.7.0\springfox-spi-2.7.0.jar;D:\DevFiles\LocalRespository\io\springfox\springfox-core\2.7.0\springfox-core-2.7.0.jar;D:\DevFiles\LocalRespository\io\springfox\springfox-schema\2.7.0\springfox-schema-2.7.0.jar;D:\DevFiles\LocalRespository\io\springfox\springfox-swagger-common\2.7.0\springfox-swagger-common-2.7.0.jar;D:\DevFiles\LocalRespository\io\springfox\springfox-spring-web\2.7.0\springfox-spring-web-2.7.0.jar;D:\DevFiles\LocalRespository\org\reflections\reflections\0.9.11\reflections-0.9.11.jar;D:\DevFiles\LocalRespository\org\javassist\javassist\3.21.0-GA\javassist-3.21.0-GA.jar;D:\DevFiles\LocalRespository\com\fasterxml\classmate\1.5.1\classmate-1.5.1.jar;D:\DevFiles\LocalRespository\org\springframework\plugin\spring-plugin-core\1.2.0.RELEASE\spring-plugin-core-1.2.0.RELEASE.jar;D:\DevFiles\LocalRespository\org\springframework\plugin\spring-plugin-metadata\1.2.0.RELEASE\spring-plugin-metadata-1.2.0.RELEASE.jar;D:\DevFiles\LocalRespository\org\mapstruct\mapstruct\1.1.0.Final\mapstruct-1.1.0.Final.jar;D:\DevFiles\LocalRespository\io\springfox\springfox-swagger-ui\2.7.0\springfox-swagger-ui-2.7.0.jar;D:\DevFiles\LocalRespository\org\projectlombok\lombok\1.18.22\lombok-1.18.22.jar;D:\DevFiles\LocalRespository\com\aliyun\oss\aliyun-sdk-oss\3.1.0\aliyun-sdk-oss-3.1.0.jar;D:\DevFiles\LocalRespository\org\apache\httpcomponents\httpclient\4.5.1\httpclient-4.5.1.jar;D:\DevFiles\LocalRespository\org\apache\httpcomponents\httpcore\4.4.14\httpcore-4.4.14.jar;D:\DevFiles\LocalRespository\commons-codec\commons-codec\1.15\commons-codec-1.15.jar;D:\DevFiles\LocalRespository\org\jdom\jdom\1.1\jdom-1.1.jar;D:\DevFiles\LocalRespository\com\sun\jersey\jersey-json\1.9\jersey-json-1.9.jar;D:\DevFiles\LocalRespository\org\codehaus\jettison\jettison\1.1\jettison-1.1.jar;D:\DevFiles\LocalRespository\stax\stax-api\1.0.1\stax-api-1.0.1.jar;D:\DevFiles\LocalRespository\com\sun\xml\bind\jaxb-impl\2.2.3-1\jaxb-impl-2.2.3-1.jar;D:\DevFiles\LocalRespository\org\codehaus\jackson\jackson-core-asl\1.8.3\jackson-core-asl-1.8.3.jar;D:\DevFiles\LocalRespository\org\codehaus\jackson\jackson-mapper-asl\1.8.3\jackson-mapper-asl-1.8.3.jar;D:\DevFiles\LocalRespository\org\codehaus\jackson\jackson-jaxrs\1.8.3\jackson-jaxrs-1.8.3.jar;D:\DevFiles\LocalRespository\org\codehaus\jackson\jackson-xc\1.8.3\jackson-xc-1.8.3.jar;D:\DevFiles\LocalRespository\com\sun\jersey\jersey-core\1.9\jersey-core-1.9.jar;D:\DevFiles\LocalRespository\com\aliyun\aliyun-java-sdk-core\4.5.0\aliyun-java-sdk-core-4.5.0.jar;D:\DevFiles\LocalRespository\com\google\code\gson\gson\2.8.2\gson-2.8.2.jar;D:\DevFiles\LocalRespository\commons-logging\commons-logging\1.2\commons-logging-1.2.jar;D:\DevFiles\LocalRespository\javax\xml\bind\jaxb-api\2.3.1\jaxb-api-2.3.1.jar;D:\DevFiles\LocalRespository\javax\activation\javax.activation-api\1.2.0\javax.activation-api-1.2.0.jar;D:\DevFiles\LocalRespository\org\jacoco\org.jacoco.agent\0.8.5\org.jacoco.agent-0.8.5-runtime.jar;D:\DevFiles\LocalRespository\org\ini4j\ini4j\0.5.4\ini4j-0.5.4.jar;D:\DevFiles\LocalRespository\io\opentracing\opentracing-api\0.33.0\opentracing-api-0.33.0.jar;D:\DevFiles\LocalRespository\io\opentracing\opentracing-util\0.33.0\opentracing-util-0.33.0.jar;D:\DevFiles\LocalRespository\io\opentracing\opentracing-noop\0.33.0\opentracing-noop-0.33.0.jar;D:\DevFiles\LocalRespository\com\aliyun\aliyun-java-sdk-ram\3.0.0\aliyun-java-sdk-ram-3.0.0.jar;D:\DevFiles\LocalRespository\com\aliyun\aliyun-java-sdk-sts\3.0.0\aliyun-java-sdk-sts-3.0.0.jar;D:\DevFiles\LocalRespository\com\aliyun\aliyun-java-sdk-ecs\4.2.0\aliyun-java-sdk-ecs-4.2.0.jar;D:\DevFiles\LocalRespository\joda-time\joda-time\2.10.8\joda-time-2.10.8.jar;"/>
    <property name="java.vm.vendor" value="Oracle Corporation"/>
    <property name="sun.arch.data.model" value="64"/>
    <property name="user.variant" value=""/>
    <property name="java.vendor.url" value="http://java.oracle.com/"/>
    <property name="user.timezone" value="Asia/Shanghai"/>
    <property name="java.vm.specification.version" value="1.8"/>
    <property name="os.name" value="Windows 10"/>
    <property name="user.country" value="CN"/>
    <property name="sun.java.launcher" value="SUN_STANDARD"/>
    <property name="sun.boot.library.path" value="C:\Program Files\Java\jdk1.8.0_181\jre\bin"/>
    <property name="sun.java.command" value="C:\Users\小星尘\AppData\Local\Temp\surefire7380810939756422098\surefirebooter1144724018176127981.jar C:\Users\小星尘\AppData\Local\Temp\surefire7380810939756422098 2022-01-03T00-43-50_869-jvmRun1 surefire6396670014045086651tmp surefire_07203091960414759134tmp"/>
    <property name="surefire.test.class.path" value="D:\aprograme\linuxKs\linuxKs\target\test-classes;D:\aprograme\linuxKs\linuxKs\target\classes;D:\DevFiles\LocalRespository\com\google\guava\guava\20.0\guava-20.0.jar;D:\DevFiles\LocalRespository\org\springframework\boot\spring-boot-starter\2.5.6\spring-boot-starter-2.5.6.jar;D:\DevFiles\LocalRespository\org\springframework\boot\spring-boot\2.5.6\spring-boot-2.5.6.jar;D:\DevFiles\LocalRespository\org\springframework\spring-context\5.3.12\spring-context-5.3.12.jar;D:\DevFiles\LocalRespository\org\springframework\boot\spring-boot-autoconfigure\2.5.6\spring-boot-autoconfigure-2.5.6.jar;D:\DevFiles\LocalRespository\org\springframework\boot\spring-boot-starter-logging\2.5.6\spring-boot-starter-logging-2.5.6.jar;D:\DevFiles\LocalRespository\ch\qos\logback\logback-classic\1.2.6\logback-classic-1.2.6.jar;D:\DevFiles\LocalRespository\ch\qos\logback\logback-core\1.2.6\logback-core-1.2.6.jar;D:\DevFiles\LocalRespository\org\apache\logging\log4j\log4j-to-slf4j\2.14.1\log4j-to-slf4j-2.14.1.jar;D:\DevFiles\LocalRespository\org\apache\logging\log4j\log4j-api\2.14.1\log4j-api-2.14.1.jar;D:\DevFiles\LocalRespository\org\slf4j\jul-to-slf4j\1.7.32\jul-to-slf4j-1.7.32.jar;D:\DevFiles\LocalRespository\jakarta\annotation\jakarta.annotation-api\1.3.5\jakarta.annotation-api-1.3.5.jar;D:\DevFiles\LocalRespository\org\springframework\spring-core\5.3.12\spring-core-5.3.12.jar;D:\DevFiles\LocalRespository\org\springframework\spring-jcl\5.3.12\spring-jcl-5.3.12.jar;D:\DevFiles\LocalRespository\org\yaml\snakeyaml\1.28\snakeyaml-1.28.jar;D:\DevFiles\LocalRespository\org\springframework\boot\spring-boot-starter-test\2.5.6\spring-boot-starter-test-2.5.6.jar;D:\DevFiles\LocalRespository\org\springframework\boot\spring-boot-test\2.5.6\spring-boot-test-2.5.6.jar;D:\DevFiles\LocalRespository\org\springframework\boot\spring-boot-test-autoconfigure\2.5.6\spring-boot-test-autoconfigure-2.5.6.jar;D:\DevFiles\LocalRespository\com\jayway\jsonpath\json-path\2.5.0\json-path-2.5.0.jar;D:\DevFiles\LocalRespository\net\minidev\json-smart\2.4.7\json-smart-2.4.7.jar;D:\DevFiles\LocalRespository\net\minidev\accessors-smart\2.4.7\accessors-smart-2.4.7.jar;D:\DevFiles\LocalRespository\org\ow2\asm\asm\9.1\asm-9.1.jar;D:\DevFiles\LocalRespository\jakarta\xml\bind\jakarta.xml.bind-api\2.3.3\jakarta.xml.bind-api-2.3.3.jar;D:\DevFiles\LocalRespository\jakarta\activation\jakarta.activation-api\1.2.2\jakarta.activation-api-1.2.2.jar;D:\DevFiles\LocalRespository\org\assertj\assertj-core\3.19.0\assertj-core-3.19.0.jar;D:\DevFiles\LocalRespository\org\hamcrest\hamcrest\2.2\hamcrest-2.2.jar;D:\DevFiles\LocalRespository\org\junit\jupiter\junit-jupiter\5.7.2\junit-jupiter-5.7.2.jar;D:\DevFiles\LocalRespository\org\junit\jupiter\junit-jupiter-api\5.7.2\junit-jupiter-api-5.7.2.jar;D:\DevFiles\LocalRespository\org\apiguardian\apiguardian-api\1.1.0\apiguardian-api-1.1.0.jar;D:\DevFiles\LocalRespository\org\opentest4j\opentest4j\1.2.0\opentest4j-1.2.0.jar;D:\DevFiles\LocalRespository\org\junit\platform\junit-platform-commons\1.7.2\junit-platform-commons-1.7.2.jar;D:\DevFiles\LocalRespository\org\junit\jupiter\junit-jupiter-params\5.7.2\junit-jupiter-params-5.7.2.jar;D:\DevFiles\LocalRespository\org\junit\jupiter\junit-jupiter-engine\5.7.2\junit-jupiter-engine-5.7.2.jar;D:\DevFiles\LocalRespository\org\junit\platform\junit-platform-engine\1.7.2\junit-platform-engine-1.7.2.jar;D:\DevFiles\LocalRespository\org\mockito\mockito-core\3.9.0\mockito-core-3.9.0.jar;D:\DevFiles\LocalRespository\net\bytebuddy\byte-buddy\1.10.22\byte-buddy-1.10.22.jar;D:\DevFiles\LocalRespository\net\bytebuddy\byte-buddy-agent\1.10.22\byte-buddy-agent-1.10.22.jar;D:\DevFiles\LocalRespository\org\objenesis\objenesis\3.2\objenesis-3.2.jar;D:\DevFiles\LocalRespository\org\mockito\mockito-junit-jupiter\3.9.0\mockito-junit-jupiter-3.9.0.jar;D:\DevFiles\LocalRespository\org\skyscreamer\jsonassert\1.5.0\jsonassert-1.5.0.jar;D:\DevFiles\LocalRespository\com\vaadin\external\google\android-json\0.0.20131108.vaadin1\android-json-0.0.20131108.vaadin1.jar;D:\DevFiles\LocalRespository\org\springframework\spring-test\5.3.12\spring-test-5.3.12.jar;D:\DevFiles\LocalRespository\org\xmlunit\xmlunit-core\2.8.3\xmlunit-core-2.8.3.jar;D:\DevFiles\LocalRespository\org\springframework\boot\spring-boot-starter-web\2.5.6\spring-boot-starter-web-2.5.6.jar;D:\DevFiles\LocalRespository\org\springframework\boot\spring-boot-starter-json\2.5.6\spring-boot-starter-json-2.5.6.jar;D:\DevFiles\LocalRespository\com\fasterxml\jackson\core\jackson-databind\2.12.5\jackson-databind-2.12.5.jar;D:\DevFiles\LocalRespository\com\fasterxml\jackson\core\jackson-core\2.12.5\jackson-core-2.12.5.jar;D:\DevFiles\LocalRespository\com\fasterxml\jackson\datatype\jackson-datatype-jdk8\2.12.5\jackson-datatype-jdk8-2.12.5.jar;D:\DevFiles\LocalRespository\com\fasterxml\jackson\datatype\jackson-datatype-jsr310\2.12.5\jackson-datatype-jsr310-2.12.5.jar;D:\DevFiles\LocalRespository\com\fasterxml\jackson\module\jackson-module-parameter-names\2.12.5\jackson-module-parameter-names-2.12.5.jar;D:\DevFiles\LocalRespository\org\springframework\boot\spring-boot-starter-tomcat\2.5.6\spring-boot-starter-tomcat-2.5.6.jar;D:\DevFiles\LocalRespository\org\apache\tomcat\embed\tomcat-embed-core\9.0.54\tomcat-embed-core-9.0.54.jar;D:\DevFiles\LocalRespository\org\apache\tomcat\embed\tomcat-embed-el\9.0.54\tomcat-embed-el-9.0.54.jar;D:\DevFiles\LocalRespository\org\apache\tomcat\embed\tomcat-embed-websocket\9.0.54\tomcat-embed-websocket-9.0.54.jar;D:\DevFiles\LocalRespository\org\springframework\spring-web\5.3.12\spring-web-5.3.12.jar;D:\DevFiles\LocalRespository\org\springframework\spring-beans\5.3.12\spring-beans-5.3.12.jar;D:\DevFiles\LocalRespository\org\springframework\spring-webmvc\5.3.12\spring-webmvc-5.3.12.jar;D:\DevFiles\LocalRespository\org\springframework\spring-aop\5.3.12\spring-aop-5.3.12.jar;D:\DevFiles\LocalRespository\org\springframework\spring-expression\5.3.12\spring-expression-5.3.12.jar;D:\DevFiles\LocalRespository\mysql\mysql-connector-java\8.0.27\mysql-connector-java-8.0.27.jar;D:\DevFiles\LocalRespository\com\baomidou\mybatis-plus-boot-starter\3.0.5\mybatis-plus-boot-starter-3.0.5.jar;D:\DevFiles\LocalRespository\com\baomidou\mybatis-plus\3.0.5\mybatis-plus-3.0.5.jar;D:\DevFiles\LocalRespository\org\springframework\boot\spring-boot-starter-jdbc\2.5.6\spring-boot-starter-jdbc-2.5.6.jar;D:\DevFiles\LocalRespository\com\zaxxer\HikariCP\4.0.3\HikariCP-4.0.3.jar;D:\DevFiles\LocalRespository\org\springframework\spring-jdbc\5.3.12\spring-jdbc-5.3.12.jar;D:\DevFiles\LocalRespository\org\springframework\spring-tx\5.3.12\spring-tx-5.3.12.jar;D:\DevFiles\LocalRespository\org\springframework\boot\spring-boot-configuration-processor\2.5.6\spring-boot-configuration-processor-2.5.6.jar;D:\DevFiles\LocalRespository\com\baomidou\mybatis-plus-generator\3.3.1.tmp\mybatis-plus-generator-3.3.1.tmp.jar;D:\DevFiles\LocalRespository\com\baomidou\mybatis-plus-extension\3.3.1.tmp\mybatis-plus-extension-3.3.1.tmp.jar;D:\DevFiles\LocalRespository\com\baomidou\mybatis-plus-core\3.3.1.tmp\mybatis-plus-core-3.3.1.tmp.jar;D:\DevFiles\LocalRespository\com\baomidou\mybatis-plus-annotation\3.3.1.tmp\mybatis-plus-annotation-3.3.1.tmp.jar;D:\DevFiles\LocalRespository\com\github\jsqlparser\jsqlparser\3.1\jsqlparser-3.1.jar;D:\DevFiles\LocalRespository\org\mybatis\mybatis\3.5.3\mybatis-3.5.3.jar;D:\DevFiles\LocalRespository\org\mybatis\mybatis-spring\2.0.3\mybatis-spring-2.0.3.jar;D:\DevFiles\LocalRespository\org\apache\velocity\velocity-engine-core\2.0\velocity-engine-core-2.0.jar;D:\DevFiles\LocalRespository\org\apache\commons\commons-lang3\3.12.0\commons-lang3-3.12.0.jar;D:\DevFiles\LocalRespository\org\slf4j\slf4j-api\1.7.32\slf4j-api-1.7.32.jar;D:\DevFiles\LocalRespository\io\springfox\springfox-swagger2\2.7.0\springfox-swagger2-2.7.0.jar;D:\DevFiles\LocalRespository\io\swagger\swagger-annotations\1.5.13\swagger-annotations-1.5.13.jar;D:\DevFiles\LocalRespository\io\swagger\swagger-models\1.5.13\swagger-models-1.5.13.jar;D:\DevFiles\LocalRespository\com\fasterxml\jackson\core\jackson-annotations\2.12.5\jackson-annotations-2.12.5.jar;D:\DevFiles\LocalRespository\io\springfox\springfox-spi\2.7.0\springfox-spi-2.7.0.jar;D:\DevFiles\LocalRespository\io\springfox\springfox-core\2.7.0\springfox-core-2.7.0.jar;D:\DevFiles\LocalRespository\io\springfox\springfox-schema\2.7.0\springfox-schema-2.7.0.jar;D:\DevFiles\LocalRespository\io\springfox\springfox-swagger-common\2.7.0\springfox-swagger-common-2.7.0.jar;D:\DevFiles\LocalRespository\io\springfox\springfox-spring-web\2.7.0\springfox-spring-web-2.7.0.jar;D:\DevFiles\LocalRespository\org\reflections\reflections\0.9.11\reflections-0.9.11.jar;D:\DevFiles\LocalRespository\org\javassist\javassist\3.21.0-GA\javassist-3.21.0-GA.jar;D:\DevFiles\LocalRespository\com\fasterxml\classmate\1.5.1\classmate-1.5.1.jar;D:\DevFiles\LocalRespository\org\springframework\plugin\spring-plugin-core\1.2.0.RELEASE\spring-plugin-core-1.2.0.RELEASE.jar;D:\DevFiles\LocalRespository\org\springframework\plugin\spring-plugin-metadata\1.2.0.RELEASE\spring-plugin-metadata-1.2.0.RELEASE.jar;D:\DevFiles\LocalRespository\org\mapstruct\mapstruct\1.1.0.Final\mapstruct-1.1.0.Final.jar;D:\DevFiles\LocalRespository\io\springfox\springfox-swagger-ui\2.7.0\springfox-swagger-ui-2.7.0.jar;D:\DevFiles\LocalRespository\org\projectlombok\lombok\1.18.22\lombok-1.18.22.jar;D:\DevFiles\LocalRespository\com\aliyun\oss\aliyun-sdk-oss\3.1.0\aliyun-sdk-oss-3.1.0.jar;D:\DevFiles\LocalRespository\org\apache\httpcomponents\httpclient\4.5.1\httpclient-4.5.1.jar;D:\DevFiles\LocalRespository\org\apache\httpcomponents\httpcore\4.4.14\httpcore-4.4.14.jar;D:\DevFiles\LocalRespository\commons-codec\commons-codec\1.15\commons-codec-1.15.jar;D:\DevFiles\LocalRespository\org\jdom\jdom\1.1\jdom-1.1.jar;D:\DevFiles\LocalRespository\com\sun\jersey\jersey-json\1.9\jersey-json-1.9.jar;D:\DevFiles\LocalRespository\org\codehaus\jettison\jettison\1.1\jettison-1.1.jar;D:\DevFiles\LocalRespository\stax\stax-api\1.0.1\stax-api-1.0.1.jar;D:\DevFiles\LocalRespository\com\sun\xml\bind\jaxb-impl\2.2.3-1\jaxb-impl-2.2.3-1.jar;D:\DevFiles\LocalRespository\org\codehaus\jackson\jackson-core-asl\1.8.3\jackson-core-asl-1.8.3.jar;D:\DevFiles\LocalRespository\org\codehaus\jackson\jackson-mapper-asl\1.8.3\jackson-mapper-asl-1.8.3.jar;D:\DevFiles\LocalRespository\org\codehaus\jackson\jackson-jaxrs\1.8.3\jackson-jaxrs-1.8.3.jar;D:\DevFiles\LocalRespository\org\codehaus\jackson\jackson-xc\1.8.3\jackson-xc-1.8.3.jar;D:\DevFiles\LocalRespository\com\sun\jersey\jersey-core\1.9\jersey-core-1.9.jar;D:\DevFiles\LocalRespository\com\aliyun\aliyun-java-sdk-core\4.5.0\aliyun-java-sdk-core-4.5.0.jar;D:\DevFiles\LocalRespository\com\google\code\gson\gson\2.8.2\gson-2.8.2.jar;D:\DevFiles\LocalRespository\commons-logging\commons-logging\1.2\commons-logging-1.2.jar;D:\DevFiles\LocalRespository\javax\xml\bind\jaxb-api\2.3.1\jaxb-api-2.3.1.jar;D:\DevFiles\LocalRespository\javax\activation\javax.activation-api\1.2.0\javax.activation-api-1.2.0.jar;D:\DevFiles\LocalRespository\org\jacoco\org.jacoco.agent\0.8.5\org.jacoco.agent-0.8.5-runtime.jar;D:\DevFiles\LocalRespository\org\ini4j\ini4j\0.5.4\ini4j-0.5.4.jar;D:\DevFiles\LocalRespository\io\opentracing\opentracing-api\0.33.0\opentracing-api-0.33.0.jar;D:\DevFiles\LocalRespository\io\opentracing\opentracing-util\0.33.0\opentracing-util-0.33.0.jar;D:\DevFiles\LocalRespository\io\opentracing\opentracing-noop\0.33.0\opentracing-noop-0.33.0.jar;D:\DevFiles\LocalRespository\com\aliyun\aliyun-java-sdk-ram\3.0.0\aliyun-java-sdk-ram-3.0.0.jar;D:\DevFiles\LocalRespository\com\aliyun\aliyun-java-sdk-sts\3.0.0\aliyun-java-sdk-sts-3.0.0.jar;D:\DevFiles\LocalRespository\com\aliyun\aliyun-java-sdk-ecs\4.2.0\aliyun-java-sdk-ecs-4.2.0.jar;D:\DevFiles\LocalRespository\joda-time\joda-time\2.10.8\joda-time-2.10.8.jar;"/>
    <property name="sun.cpu.endian" value="little"/>
    <property name="user.home" value="C:\Users\小星尘"/>
    <property name="user.language" value="zh"/>
    <property name="java.specification.vendor" value="Oracle Corporation"/>
    <property name="java.home" value="C:\Program Files\Java\jdk1.8.0_181\jre"/>
    <property name="basedir" value="D:\aprograme\linuxKs\linuxKs"/>
    <property name="file.separator" value="\"/>
    <property name="line.separator" value="&#10;"/>
    <property name="java.vm.specification.vendor" value="Oracle Corporation"/>
    <property name="java.specification.name" value="Java Platform API Specification"/>
    <property name="java.awt.graphicsenv" value="sun.awt.Win32GraphicsEnvironment"/>
    <property name="surefire.real.class.path" value="C:\Users\小星尘\AppData\Local\Temp\surefire7380810939756422098\surefirebooter1144724018176127981.jar"/>
    <property name="sun.boot.class.path" value="C:\Program Files\Java\jdk1.8.0_181\jre\lib\resources.jar;C:\Program Files\Java\jdk1.8.0_181\jre\lib\rt.jar;C:\Program Files\Java\jdk1.8.0_181\jre\lib\sunrsasign.jar;C:\Program Files\Java\jdk1.8.0_181\jre\lib\jsse.jar;C:\Program Files\Java\jdk1.8.0_181\jre\lib\jce.jar;C:\Program Files\Java\jdk1.8.0_181\jre\lib\charsets.jar;C:\Program Files\Java\jdk1.8.0_181\jre\lib\jfr.jar;C:\Program Files\Java\jdk1.8.0_181\jre\classes"/>
    <property name="user.script" value=""/>
    <property name="sun.management.compiler" value="HotSpot 64-Bit Tiered Compilers"/>
    <property name="java.runtime.version" value="1.8.0_181-b13"/>
    <property name="user.name" value="小星尘"/>
    <property name="path.separator" value=";"/>
    <property name="os.version" value="10.0"/>
    <property name="java.endorsed.dirs" value="C:\Program Files\Java\jdk1.8.0_181\jre\lib\endorsed"/>
    <property name="java.runtime.name" value="Java(TM) SE Runtime Environment"/>
    <property name="file.encoding" value="GBK"/>
    <property name="java.vm.name" value="Java HotSpot(TM) 64-Bit Server VM"/>
    <property name="localRepository" value="D:\DevFiles\LocalRespository"/>
    <property name="java.vendor.url.bug" value="http://bugreport.sun.com/bugreport/"/>
    <property name="java.io.tmpdir" value="C:\Users\小星尘\AppData\Local\Temp\"/>
    <property name="java.version" value="1.8.0_181"/>
    <property name="user.dir" value="D:\aprograme\linuxKs\linuxKs"/>
    <property name="os.arch" value="amd64"/>
    <property name="java.vm.specification.name" value="Java Virtual Machine Specification"/>
    <property name="java.awt.printerjob" value="sun.awt.windows.WPrinterJob"/>
    <property name="sun.os.patch.level" value=""/>
    <property name="idea.version2019.3.5" value="true"/>
    <property name="java.library.path" value="C:\Program Files\Java\jdk1.8.0_181\jre\bin;C:\WINDOWS\Sun\Java\bin;C:\WINDOWS\system32;C:\WINDOWS;C:\Program Files (x86)\Common Files\Oracle\Java\javapath;C:\WINDOWS\system32;C:\WINDOWS;C:\WINDOWS\System32\Wbem;C:\WINDOWS\System32\WindowsPowerShell\v1.0\;C:\WINDOWS\System32\OpenSSH\;C:\Program Files\Intel\WiFi\bin\;C:\Program Files\Common Files\Intel\WirelessCommon\;C:\Program Files\Microsoft SQL Server\130\Tools\Binn\;c:\Program Files\Java\jdk1.8.0_181\bin;.;c:\Program Files\Java\jdk1.8.0_181\lib;c:\Program Files\Java\jdk1.8.0_181\lib\tool.jar;C:\Users\小星尘\AppData\Local\Programs\Python\Python36;:\1 20后下载的app\Git\cmd;D;\1 20后下载的app\Git\cmd;D:\1 20后下载的app\Git\cmd;D:\MinGw\bin;C:\Programe Files\Java\jdk1.8.0_181;&quot;D:\Tomcat\lib;D:\Tomcat\bin&quot;;C:\Program Files (x86)\MySQL\MySQL Server 5.0\bin;C:\Users\小星尘\AppData\Roaming\Python\Python36\Scripts\;C:\Program Files (x86)\Google\Chrome\Application;D:\Install\nodejs\;D:\Install\rational\common;D:\Install\xsheel\;D:\DevInstall\hadoop-3.1.0\bin;D:\DevInstall\apache-maven-3.6.1\bin;D:\Install\xftp\;D:\Install\Anaconda3;D:\Install\Anaconda3\Library\mingw-w64\bin;D:\Install\Anaconda3\Library\usr\bin;D:\Install\Anaconda3\Library\bin;C:\Users\小星尘\AppData\Local\Programs\Python\Python38-32\Scripts\;C:\Users\小星尘\AppData\Local\Programs\Python\Python38-32\;C:\Users\小星尘\AppData\Local\Programs\Python\Python36\Scripts\;C:\Users\小星尘\AppData\Local\Programs\Python\Python36\;C:\WINDOWS\System32;C:\Users\小星尘\AppData\Local\Microsoft\WindowsApps;D:\1 20年后下载的应用程序\BrandZip\;D:\pyCharm\PyCharm Community Edition 2020.2.1\bin;;D:\JetBrains\JetBrains Rider 2020.2.4\bin;;D:\Install\WebStorm2021.2.2\bin;;C:\Program Files (x86)\Google\Chrome\Application;C:\Users\小星尘\AppData\Roaming\npm;D:\Install\idea\IntelliJ IDEA 2019.3.5\bin;;D:\DevInstall\apache-maven-3.8.1\bin;;D:\Install\pycharm\PyCharm 2021.1.3\bin;;D:\Install\vscode\bin;D:\Install\DevEco Studio 2.1.0.501\bin;;."/>
    <property name="java.vm.info" value="mixed mode"/>
    <property name="java.vendor" value="Oracle Corporation"/>
    <property name="java.vm.version" value="25.181-b13"/>
    <property name="java.ext.dirs" value="C:\Program Files\Java\jdk1.8.0_181\jre\lib\ext;C:\WINDOWS\Sun\Java\lib\ext"/>
    <property name="sun.io.unicode.encoding" value="UnicodeLittle"/>
    <property name="maven.repo.local" value="D:\DevFiles\LocalRespository"/>
    <property name="java.class.version" value="52.0"/>
  </properties>
  <testcase name="contextLoads" classname="com.atjh.linux.LinuxApplicationTests" time="0.424"/>
</testsuite>